<?xml version="1.0" encoding="UTF-8"?>
<!-- Generated by org.testng.reporters.JUnitReportReporter -->
<testsuite hostname="RGW-8180" failures="0" tests="2" name="orangeHRM_Test.TC_02_searchUserInUserManagement" time="25.637" errors="0" timestamp="2022-06-08T09:35:01 IST" skipped="0">
  <testcase classname="orangeHRM_Test.TC_02_searchUserInUserManagement" name="toVerifyUserDataInUserManagement" time="13.153"/>
  <system-out/>
  <testcase classname="orangeHRM_Test.TC_02_searchUserInUserManagement" name="loginInToOrangeHRM" time="12.484"/>
  <system-out/>
</testsuite> <!-- orangeHRM_Test.TC_02_searchUserInUserManagement -->
